c:\users\jeesoopark\source\repos\hello2\debug\vc142.pdb
c:\users\jeesoopark\source\repos\hello2\debug\vc142.idb
c:\users\jeesoopark\source\repos\hello2\debug\test1.obj
c:\users\jeesoopark\source\repos\hello2\debug\test2.obj
c:\users\jeesoopark\source\repos\hello2\debug\ex.obj
c:\users\jeesoopark\source\repos\hello2\debug\prog1.obj
c:\users\jeesoopark\source\repos\hello2\debug\ex3.obj
c:\users\jeesoopark\source\repos\hello2\debug\lab3-4.obj
c:\users\jeesoopark\source\repos\hello2\debug\lab4-2.obj
c:\users\jeesoopark\source\repos\hello2\debug\lab4-5.obj
c:\users\jeesoopark\source\repos\hello2\debug\lab4-6.obj
c:\users\jeesoopark\source\repos\hello2\debug\lab4-4-1.obj
c:\users\jeesoopark\source\repos\hello2\debug\lab3-1.obj
c:\users\jeesoopark\source\repos\hello2\debug\lab3-2.obj
c:\users\jeesoopark\source\repos\hello2\debug\lab3-5.obj
c:\users\jeesoopark\source\repos\hello2\debug\lab4-1.obj
c:\users\jeesoopark\source\repos\hello2\debug\lab4-3.obj
c:\users\jeesoopark\source\repos\hello2\debug\lab4-4-2.obj
c:\users\jeesoopark\source\repos\hello2\debug\lab3-3.obj
c:\users\jeesoopark\source\repos\hello2\debug\lab5-1.obj
c:\users\jeesoopark\source\repos\hello2\debug\lab5-2.obj
c:\users\jeesoopark\source\repos\hello2\debug\lab5-3.obj
c:\users\jeesoopark\source\repos\hello2\debug\lab5-4.obj
c:\users\jeesoopark\source\repos\hello2\debug\lab5-5.obj
c:\users\jeesoopark\source\repos\hello2\debug\lab5-6.obj
c:\users\jeesoopark\source\repos\hello2\debug\prog2.obj
c:\users\jeesoopark\source\repos\hello2\debug\prog3.obj
c:\users\jeesoopark\source\repos\hello2\debug\lab6-1.obj
c:\users\jeesoopark\source\repos\hello2\debug\lab6-2.obj
c:\users\jeesoopark\source\repos\hello2\debug\lab6-4.obj
c:\users\jeesoopark\source\repos\hello2\debug\lab6-3.obj
c:\users\jeesoopark\source\repos\hello2\debug\lab6-5.obj
c:\users\jeesoopark\source\repos\hello2\debug\lab7-1.obj
c:\users\jeesoopark\source\repos\hello2\debug\lab7-3.obj
c:\users\jeesoopark\source\repos\hello2\debug\lab7-4.obj
c:\users\jeesoopark\source\repos\hello2\debug\lab7-2.obj
c:\users\jeesoopark\source\repos\hello2\debug\lab7-5.obj
c:\users\jeesoopark\source\repos\hello2\debug\lab8-1.obj
c:\users\jeesoopark\source\repos\hello2\debug\lab8-2.obj
c:\users\jeesoopark\source\repos\hello2\debug\lab8-3.obj
c:\users\jeesoopark\source\repos\hello2\debug\lab8-4-1.obj
c:\users\jeesoopark\source\repos\hello2\debug\10-3.obj
c:\users\jeesoopark\source\repos\hello2\debug\10-1.obj
c:\users\jeesoopark\source\repos\hello2\debug\lab9-1.obj
c:\users\jeesoopark\source\repos\hello2\debug\lab9-2.obj
c:\users\jeesoopark\source\repos\hello2\debug\lab9-3.obj
c:\users\jeesoopark\source\repos\hello2\debug\lab9-4.obj
c:\users\jeesoopark\source\repos\hello2\debug\lab9-5.obj
c:\users\jeesoopark\source\repos\hello2\debug\10-2.obj
c:\users\jeesoopark\source\repos\hello2\debug\assignment1.obj
c:\users\jeesoopark\source\repos\hello2\debug\호남코드.obj
c:\users\jeesoopark\source\repos\hello2\debug\assignment2.obj
c:\users\jeesoopark\source\repos\hello2\debug\assignment4.obj
c:\users\jeesoopark\source\repos\hello2\debug\assignment3.obj
c:\users\jeesoopark\source\repos\hello2\debug\hello2.exe
c:\users\jeesoopark\source\repos\hello2\debug\hello2.ilk
c:\users\jeesoopark\source\repos\hello2\debug\hello2.pdb
c:\users\jeesoopark\source\repos\hello2\debug\lab3.obj
c:\users\jeesoopark\source\repos\hello2\debug\lab4-4.obj
c:\users\jeesoopark\source\repos\hello2\debug\lab8-4.obj
c:\users\jeesoopark\source\repos\hello2\debug\소스.obj
c:\users\jeesoopark\source\repos\hello2\debug\10-1.obj.enc
c:\users\jeesoopark\source\repos\hello2\debug\assignment3.obj.enc
c:\users\jeesoopark\source\repos\hello2\debug\lab5-3.obj.enc
c:\users\jeesoopark\source\repos\hello2\debug\lab5-6.obj.enc
c:\users\jeesoopark\source\repos\hello2\debug\lab6-2.obj.enc
c:\users\jeesoopark\source\repos\hello2\debug\lab8-1.obj.enc
c:\users\jeesoopark\source\repos\hello2\debug\nativecodeanalysis.read.1.tlog
c:\users\jeesoopark\source\repos\hello2\debug\lab3.nativecodeanalysis.xml
c:\users\jeesoopark\source\repos\hello2\debug\lab5-3.nativecodeanalysis.xml
c:\users\jeesoopark\source\repos\hello2\debug\vc.nativecodeanalysis.all.xml
c:\users\jeesoopark\source\repos\hello2\debug\hello2.tlog\cl.command.1.tlog
c:\users\jeesoopark\source\repos\hello2\debug\hello2.tlog\cl.read.1.tlog
c:\users\jeesoopark\source\repos\hello2\debug\hello2.tlog\cl.write.1.tlog
c:\users\jeesoopark\source\repos\hello2\debug\hello2.tlog\link.command.1.tlog
c:\users\jeesoopark\source\repos\hello2\debug\hello2.tlog\link.read.1.tlog
c:\users\jeesoopark\source\repos\hello2\debug\hello2.tlog\link.write.1.tlog
